Build started 10/11/2014 12:57:05.
     1>Project "D:\Development\OpenGl\CWAP\CWAP\src\AtomicParticles\AtParticles_vs2008.vcxproj" on node 2 (Build target(s)).
     1>C:\Program Files (x86)\MSBuild\Microsoft.Cpp\v4.0\V120\Microsoft.CppBuild.targets(388,5): warning MSB8028: The intermediate directory (Release\) contains files shared from another project (oclSimpleGL.vcxproj).  This can lead to incorrect clean and rebuild behavior.
     1>ClCompile:
         C:\Program Files (x86)\Microsoft Visual Studio 12.0\VC\bin\x86_amd64\CL.exe /c /I../../common/inc/ /I../../../shared/inc/ /Zi /nologo /W3 /WX- /O2 /D WIN32 /D _WINDOWS /D _NDEBUG /D _CONSOLE /D _UNICODE /D UNICODE /Gm- /EHsc /MT /GS /fp:precise /Zc:wchar_t /Zc:forScope /Fo"Release\\" /Fd"Release\vc120.pdb" /Gd /TP /errorReport:prompt APEmitter.cpp
         APEmitter.cpp
         Note: including windows.h
         Note: including math.h
         Note: including assert.h
         Note: including shrUtils.h
         Note: including opencl.h
         Note: including windows.h
         Note: including math.h
         Note: including assert.h
         Note: including time.h
     1>d:\development\opengl\cwap\cwap\src\atomicparticles\AtomicParticles.h(122): warning C4091: 'static ' : ignored on left of 'AtomicParticles' when no variable is declared
       Link:
         C:\Program Files (x86)\Microsoft Visual Studio 12.0\VC\bin\x86_amd64\link.exe /ERRORREPORT:PROMPT /OUT:"..\..\bin\win64\Release\AtomicParticles.exe" /INCREMENTAL:NO /NOLOGO /LIBPATH:/lib/x64 /LIBPATH:../../common/lib/x64 /LIBPATH:../../../shared/lib/x64 oclUtils64.lib shrUtils64.lib glew64.lib freeglut.lib OpenCL.lib kernel32.lib user32.lib gdi32.lib winspool.lib comdlg32.lib advapi32.lib shell32.lib ole32.lib oleaut32.lib uuid.lib odbc32.lib odbccp32.lib /MANIFEST /MANIFESTUAC:"level='asInvoker' uiAccess='false'" /manifest:embed /PDB:"..\..\bin\win64\Release\AtomicParticles.pdb" /SUBSYSTEM:CONSOLE /OPT:REF /OPT:ICF /TLBID:1 /DYNAMICBASE:NO /NXCOMPAT /IMPLIB:"..\..\bin\win64\Release\AtomicParticles.lib" /MACHINE:X64 Release\APEmitter.obj
         Release\AtomicParticles.obj
         Release\main.obj
         D:\Development\OpenGl\CWAP\shared\lib\x64\shrUtils64.lib
         D:\Development\OpenGl\CWAP\CWAP\common\lib\x64\oclUtils64.lib
         AtParticles_vs2008.vcxproj -> D:\Development\OpenGl\CWAP\CWAP\src\AtomicParticles\..\..\bin\win64\Release\AtomicParticles.exe
     1>Done Building Project "D:\Development\OpenGl\CWAP\CWAP\src\AtomicParticles\AtParticles_vs2008.vcxproj" (Build target(s)).

Build succeeded.

Time Elapsed 00:00:04.47
